2025-04-01T17:32:24.888Z info: Inserted user: User 1 with email: user1@example.com
2025-04-01T17:32:25.045Z info: Inserted user: User 32 with email: user32@example.com
2025-04-01T17:32:25.052Z info: Inserted user: User 33 with email: user33@example.com2025-04-01T17:40:03.537Z info: Inserted user: User 46 with email: user46@example.com2025-04-01T17:40:03.541Z info: Inserted user: User 48 with email: user48@example.com
2025-04-01T17:40:03.543Z info: Inserted user: User 49 with email: user49@example.com
2025-04-01T17:40:03.544Z info: Inserted user: User 50 with email: user50@example.com
2025-04-01T17:40:10.194Z info: Executed query: SELECT * FROM users [query_time_ms=16, query_cost=0, rows_returned=50, params_count=0]
2025-04-01T17:40:10.195Z info: Fetched users from database [rows_returned=50, query_time_ms=17]
2025-04-01T17:40:10.227Z info: ::ffff:172.18.0.1 - - [Tue 01 Apr 2025 17:40:10 +0000] "GET /api/users HTTP/1.1" 200 100 "-" "Mozilla/5.0 (Node.js)" "-" [response_time_ms=100, request_size_bytes=0, memory_usage_mb=82.85, network_latency_ms=52]
2025-04-01T17:40:10.398Z info: Executed query: INSERT INTO orders (user_id, product, price) VALUES ($1, $2, $3) [query_time_ms=16, query_cost=1, rows_returned=1, params_count=3]
2025-04-01T17:40:10.419Z info: Generated and saved 10 dummy orders [orders_inserted=10, operation_time_ms=38]
2025-04-01T17:40:10.421Z info: ::ffff:172.18.0.1 - - [Tue 01 Apr 2025 17:40:10 +0000] "GET /api/orders/generate HTTP/1.1" 200 124 "-" "Mozilla/5.0 (Node.js)" "-" [response_time_ms=124, request_size_bytes=0, memory_usage_mb=83.36, network_latency_ms=82]
2025-04-01T17:40:10.549Z info: Executed query: SELECT * FROM users WHERE age > $1 [query_time_ms=10, query_cost=2, rows_returned=38, params_count=1]
2025-04-01T17:40:10.550Z info: Filtered users with age > 30 [rows_returned=38, query_time_ms=11]
2025-04-01T17:40:10.552Z info: ::ffff:172.18.0.1 - - [Tue 01 Apr 2025 17:40:10 +0000] "GET /api/users/filter?age=30 HTTP/1.1" 200 58 "-" "Mozilla/5.0 (Node.js)" "-" [response_time_ms=58, request_size_bytes=0, memory_usage_mb=83.36, network_latency_ms=45]
2025-04-01T17:40:10.711Z info: Starting heavy computation
2025-04-01T17:40:10.749Z info: Computation completed: 500021.65390560124 [compute_time_ms=37, cpu_usage_s=2.51, result_size=9]
2025-04-01T17:40:10.750Z info: ::ffff:172.18.0.1 - - [Tue 01 Apr 2025 17:40:10 +0000] "GET /api/compute HTTP/1.1" 200 134 "-" "Mozilla/5.0 (Node.js)" "-" [response_time_ms=134, request_size_bytes=0, memory_usage_mb=88.55, network_latency_ms=94]
2025-04-01T17:58:45.190Z info: Inserted user: User 1 with email: user1@example.com
2025-04-01T17:58:45.193Z info: Inserted user: User 2 with email: user2@example.com
2025-04-01T17:58:45.196Z info: Inserted user: User 3 with email: user3@example.com
2025-04-01T17:58:45.269Z info: Inserted user: User 48 with email: user48@example.com
2025-04-01T17:58:45.270Z info: Inserted user: User 49 with email: user49@example.com
2025-04-01T17:58:45.270Z info: Inserted user: User 50 with email: user50@example.com
2025-04-01T17:58:48.277Z info: Executed query: SELECT * FROM users [query_time_ms=15, query_cost=0, rows_returned=50, params_count=0]
2025-04-01T17:58:48.278Z info: Fetched users from database [rows_returned=50, query_time_ms=16]
2025-04-01T17:58:48.292Z info: ::ffff:172.18.0.1 - - [Tue 01 Apr 2025 17:58:48 +0000] "GET /api/users HTTP/1.1" 200 58 "-" "Mozilla/5.0 (Node.js)" "-" [response_time_ms=58, request_size_bytes=0, memory_usage_mb=83.65, network_latency_ms=27]
2025-04-01T17:58:48.469Z info: Executed query: INSERT INTO orders (user_id, product, price) VALUES ($1, $2, $3) [query_time_ms=16, query_cost=1, rows_returned=1, params_count=3]
2025-04-01T17:58:48.500Z info: Generated and saved 10 dummy orders [orders_inserted=10, operation_time_ms=48]
2025-04-01T17:58:48.501Z info: ::ffff:172.18.0.1 - - [Tue 01 Apr 2025 17:58:48 +0000] "GET /api/orders/generate HTTP/1.1" 200 138 "-" "Mozilla/5.0 (Node.js)" "-" [response_time_ms=138, request_size_bytes=0, memory_usage_mb=83.65, network_latency_ms=88]
2025-04-01T17:58:48.638Z info: Executed query: SELECT * FROM users WHERE age > $1 [query_time_ms=13, query_cost=2, rows_returned=38, params_count=1]
2025-04-01T17:58:48.639Z info: Filtered users with age > 30 [rows_returned=38, query_time_ms=13]
2025-04-01T17:58:48.641Z info: ::ffff:172.18.0.1 - - [Tue 01 Apr 2025 17:58:48 +0000] "GET /api/users/filter?age=30 HTTP/1.1" 200 55 "-" "Mozilla/5.0 (Node.js)" "-" [response_time_ms=55, request_size_bytes=0, memory_usage_mb=84.18, network_latency_ms=38]
2025-04-01T17:58:48.808Z info: Starting heavy computation
2025-04-01T17:58:48.863Z info: ::ffff:172.18.0.1 - - [Tue 01 Apr 2025 17:58:48 +0000] "GET /api/compute HTTP/1.1" 500 131 "-" "Mozilla/5.0 (Node.js)" "-" [response_time_ms=131, request_size_bytes=0, memory_usage_mb=88.32, network_latency_ms=75]
2025-04-01T18:06:26.641Z info: Inserted user: User 1 with email: user1@example.com
2025-04-01T18:06:26.644Z info: Inserted user: User 2 with email: user2@example.com
2025-04-01T18:06:26.646Z info: Inserted user: User 3 with email: user3@example.com
2025-04-01T18:06:26.652Z info: Inserted user: User 4 with email: user4@example.com
2025-04-01T18:06:26.656Z info: Inserted user: User 5 with email: user5@example.com
2025-04-01T18:06:26.659Z info: Inserted user: User 6 with email: user6@example.com
2025-04-01T18:06:26.662Z info: Inserted user: User 7 with email: user7@example.com
2025-04-01T18:06:26.664Z info: Inserted user: User 8 with email: user8@example.com
2025-04-01T18:06:26.667Z info: Inserted user: User 9 with email: user9@example.com
2025-04-01T18:06:26.669Z info: Inserted user: User 10 with email: user10@example.com
2025-04-01T18:06:26.671Z info: Inserted user: User 11 with email: user11@example.com
2025-04-01T18:06:26.673Z info: Inserted user: User 12 with email: user12@example.com
2025-04-01T18:06:26.674Z info: Inserted user: User 13 with email: user13@example.com
2025-04-01T18:06:26.675Z info: Inserted user: User 14 with email: user14@example.com
2025-04-01T18:06:26.677Z info: Inserted user: User 15 with email: user15@example.com
2025-04-01T18:06:26.679Z info: Inserted user: User 16 with email: user16@example.com
2025-04-01T18:06:26.681Z info: Inserted user: User 17 with email: user17@example.com
2025-04-01T18:06:26.683Z info: Inserted user: User 18 with email: user18@example.com
2025-04-01T18:06:26.689Z info: Inserted user: User 19 with email: user19@example.com
2025-04-01T18:06:26.693Z info: Inserted user: User 20 with email: user20@example.com
2025-04-01T18:06:26.696Z info: Inserted user: User 21 with email: user21@example.com
2025-04-01T18:06:26.698Z info: Inserted user: User 22 with email: user22@example.com
2025-04-01T18:06:26.700Z info: Inserted user: User 23 with email: user23@example.com
2025-04-01T18:06:26.701Z info: Inserted user: User 24 with email: user24@example.com
2025-04-01T18:06:26.703Z info: Inserted user: User 25 with email: user25@example.com
2025-04-01T18:06:26.704Z info: Inserted user: User 26 with email: user26@example.com
2025-04-01T18:06:26.706Z info: Inserted user: User 27 with email: user27@example.com
2025-04-01T18:06:26.708Z info: Inserted user: User 28 with email: user28@example.com
2025-04-01T18:06:26.710Z info: Inserted user: User 29 with email: user29@example.com
2025-04-01T18:06:26.712Z info: Inserted user: User 30 with email: user30@example.com
2025-04-01T18:06:26.714Z info: Inserted user: User 31 with email: user31@example.com
2025-04-01T18:06:26.717Z info: Inserted user: User 32 with email: user32@example.com
2025-04-01T18:06:26.722Z info: Inserted user: User 33 with email: user33@example.com
2025-04-01T18:06:26.729Z info: Inserted user: User 34 with email: user34@example.com
2025-04-01T18:06:26.732Z info: Inserted user: User 35 with email: user35@example.com
2025-04-01T18:06:26.735Z info: Inserted user: User 36 with email: user36@example.com
2025-04-01T18:06:26.737Z info: Inserted user: User 37 with email: user37@example.com
2025-04-01T18:06:26.739Z info: Inserted user: User 38 with email: user38@example.com
2025-04-01T18:06:26.741Z info: Inserted user: User 39 with email: user39@example.com
2025-04-01T18:06:26.742Z info: Inserted user: User 40 with email: user40@example.com
2025-04-01T18:06:26.744Z info: Inserted user: User 41 with email: user41@example.com
2025-04-01T18:06:26.747Z info: Inserted user: User 42 with email: user42@example.com
2025-04-01T18:06:26.750Z info: Inserted user: User 43 with email: user43@example.com
2025-04-01T18:06:26.758Z info: Inserted user: User 44 with email: user44@example.com
2025-04-01T18:06:26.764Z info: Inserted user: User 45 with email: user45@example.com
2025-04-01T18:06:26.768Z info: Inserted user: User 46 with email: user46@example.com
2025-04-01T18:06:26.770Z info: Inserted user: User 47 with email: user47@example.com
2025-04-01T18:06:26.773Z info: Inserted user: User 48 with email: user48@example.com
2025-04-01T18:06:26.776Z info: Inserted user: User 49 with email: user49@example.com
2025-04-01T18:06:26.777Z info: Inserted user: User 50 with email: user50@example.com
2025-04-01T18:06:33.583Z info: Executed query: SELECT * FROM users [query_time_ms=16, query_cost=0, rows_returned=50, params_count=0]
2025-04-01T18:06:33.584Z info: Fetched users from database [rows_returned=50, query_time_ms=18]
2025-04-01T18:06:33.595Z info: ::ffff:172.18.0.1 - - [Tue 01 Apr 2025 18:06:33 +0000] "GET /api/users HTTP/1.1" 200 39 "-" "Mozilla/5.0 (Node.js)" "-" [response_time_ms=39, request_size_bytes=0, memory_usage_mb=84.56, network_latency_ms=10]
2025-04-01T18:06:33.718Z info: Executed query: INSERT INTO orders (user_id, product, price) VALUES ($1, $2, $3) [query_time_ms=12, query_cost=1, rows_returned=1, params_count=3]
2025-04-01T18:06:33.738Z info: Generated and saved 10 dummy orders [orders_inserted=10, operation_time_ms=34]
2025-04-01T18:06:33.739Z info: ::ffff:172.18.0.1 - - [Tue 01 Apr 2025 18:06:33 +0000] "GET /api/orders/generate HTTP/1.1" 200 61 "-" "Mozilla/5.0 (Node.js)" "-" [response_time_ms=61, request_size_bytes=0, memory_usage_mb=72.09, network_latency_ms=25]
2025-04-01T18:06:33.896Z info: Executed query: SELECT * FROM users WHERE age > $1 [query_time_ms=8, query_cost=2, rows_returned=38, params_count=1]
2025-04-01T18:06:33.897Z info: Filtered users with age > 30 [rows_returned=38, query_time_ms=9]
2025-04-01T18:06:33.898Z info: ::ffff:172.18.0.1 - - [Tue 01 Apr 2025 18:06:33 +0000] "GET /api/users/filter?age=30 HTTP/1.1" 200 74 "-" "Mozilla/5.0 (Node.js)" "-" [response_time_ms=74, request_size_bytes=0, memory_usage_mb=72.09, network_latency_ms=63]
2025-04-01T18:06:34.016Z info: Starting heavy computation
2025-04-01T18:06:34.055Z info: ::ffff:172.18.0.1 - - [Tue 01 Apr 2025 18:06:34 +0000] "GET /api/compute HTTP/1.1" 500 87 "-" "Mozilla/5.0 (Node.js)" "-" [response_time_ms=87, request_size_bytes=0, memory_usage_mb=73.07, network_latency_ms=46]
